Using pre-set license
Built from '2021.2/staging' branch; Version is '2021.2.4f1 (99ba6aa4c552) revision 10074730'; Using compiler version '192829333'; Build Type 'Release'
OS: 'Windows 10 Home; OS build 19043.1348; Version 2009; 64bit' Language: 'pl' Physical Memory: 16215 MB
BatchMode: 1, IsHumanControllingUs: 0, StartBugReporterOnCrash: 0, Is64bit: 1, IsPro: 0

COMMAND LINE ARGUMENTS:
C:\Program Files\Unity\Hub\Editor\2021.2.4f1\Editor\Unity.exe
-adb2
-batchMode
-noUpm
-name
AssetImportWorker0
-projectPath
C:/Users/olsza/OneDrive/Documents/uczelnia/Inżynieria oprogramowania/project/Civ2020
-logFile
Logs/AssetImportWorker0.log
-srvPort
59457
Successfully changed project path to: C:/Users/olsza/OneDrive/Documents/uczelnia/Inżynieria oprogramowania/project/Civ2020
C:/Users/olsza/OneDrive/Documents/uczelnia/Inżynieria oprogramowania/project/Civ2020
[UnityMemory] Configuration Parameters - Can be set up in boot.config
    "memorysetup-bucket-allocator-granularity=16"
    "memorysetup-bucket-allocator-bucket-count=8"
    "memorysetup-bucket-allocator-block-size=33554432"
    "memorysetup-bucket-allocator-block-count=8"
    "memorysetup-main-allocator-block-size=16777216"
    "memorysetup-thread-allocator-block-size=16777216"
    "memorysetup-gfx-main-allocator-block-size=16777216"
    "memorysetup-gfx-thread-allocator-block-size=16777216"
    "memorysetup-cache-allocator-block-size=4194304"
    "memorysetup-typetree-allocator-block-size=2097152"
    "memorysetup-profiler-bucket-allocator-granularity=16"
    "memorysetup-profiler-bucket-allocator-bucket-count=8"
    "memorysetup-profiler-bucket-allocator-block-size=33554432"
    "memorysetup-profiler-bucket-allocator-block-count=8"
    "memorysetup-profiler-allocator-block-size=16777216"
    "memorysetup-profiler-editor-allocator-block-size=1048576"
    "memorysetup-temp-allocator-size-main=16777216"
    "memorysetup-job-temp-allocator-block-size=2097152"
    "memorysetup-job-temp-allocator-block-size-background=1048576"
    "memorysetup-job-temp-allocator-reduction-small-platforms=262144"
    "memorysetup-temp-allocator-size-background-worker=32768"
    "memorysetup-temp-allocator-size-job-worker=262144"
    "memorysetup-temp-allocator-size-preload-manager=33554432"
    "memorysetup-temp-allocator-size-nav-mesh-worker=65536"
    "memorysetup-temp-allocator-size-audio-worker=65536"
    "memorysetup-temp-allocator-size-cloud-worker=32768"
    "memorysetup-temp-allocator-size-gi-baking-worker=262144"
    "memorysetup-temp-allocator-size-gfx=262144"
Refreshing native plugins compatible for Editor in 462.12 ms, found 4 plugins.
Preloading 0 native plugins for Editor in 0.00 ms.
Initialize engine version: 2021.2.4f1 (99ba6aa4c552)
[Subsystems] Discovering subsystems at path C:/Program Files/Unity/Hub/Editor/2021.2.4f1/Editor/Data/Resources/UnitySubsystems
[Subsystems] Discovering subsystems at path C:/Users/olsza/OneDrive/Documents/uczelnia/Inżynieria oprogramowania/project/Civ2020/Assets
GfxDevice: creating device client; threaded=0; jobified=0
Direct3D:
    Version:  Direct3D 11.0 [level 11.1]
    Renderer: Intel(R) UHD Graphics (ID=0x9b41)
    Vendor:   Intel
    VRAM:     8107 MB
    Driver:   27.20.100.8280
Initialize mono
Mono path[0] = 'C:/Program Files/Unity/Hub/Editor/2021.2.4f1/Editor/Data/Managed'
Mono path[1] = 'C:/Program Files/Unity/Hub/Editor/2021.2.4f1/Editor/Data/MonoBleedingEdge/lib/mono/unityjit-win32'
Mono config path = 'C:/Program Files/Unity/Hub/Editor/2021.2.4f1/Editor/Data/MonoBleedingEdge/etc'
Using monoOptions --debugger-agent=transport=dt_socket,embedding=1,server=y,suspend=n,address=127.0.0.1:56604
Begin MonoManager ReloadAssembly
Registering precompiled unity dll's ...
Register platform support module: C:/Program Files/Unity/Hub/Editor/2021.2.4f1/Editor/Data/PlaybackEngines/WindowsStandaloneSupport/UnityEditor.WindowsStandalone.Extensions.dll
Registered in 0.026716 seconds.
Native extension for WindowsStandalone target not found
Refreshing native plugins compatible for Editor in 414.82 ms, found 4 plugins.
Preloading 0 native plugins for Editor in 0.00 ms.
Mono: successfully reloaded assembly
- Completed reload, in  2.635 seconds
Domain Reload Profiling:
	ReloadAssembly (2636ms)
		BeginReloadAssembly (356ms)
			ExecutionOrderSort (0ms)
			DisableScriptedObjects (0ms)
			BackupInstance (0ms)
			ReleaseScriptingObjects (0ms)
			CreateAndSetChildDomain (2ms)
		EndReloadAssembly (1910ms)
			LoadAssemblies (348ms)
			RebuildTransferFunctionScriptingTraits (0ms)
			SetupTypeCache (357ms)
			ReleaseScriptCaches (0ms)
			RebuildScriptCaches (146ms)
			SetupLoadedEditorAssemblies (1193ms)
				LogAssemblyErrors (0ms)
				InitializePlatformSupportModulesInManaged (72ms)
				SetLoadedEditorAssemblies (1ms)
				RefreshPlugins (415ms)
				BeforeProcessingInitializeOnLoad (4ms)
				ProcessInitializeOnLoadAttributes (578ms)
				ProcessInitializeOnLoadMethodAttributes (122ms)
				AfterProcessingInitializeOnLoad (0ms)
				EditorAssembliesLoaded (0ms)
			ExecutionOrderSort2 (0ms)
			AwakeInstancesAfterBackupRestoration (0ms)
Platform modules already initialized, skipping
Registering precompiled user dll's ...
Registered in 0.019615 seconds.
Begin MonoManager ReloadAssembly
Symbol file LoadedFromMemory doesn't match image C:\Users\olsza\OneDrive\Documents\uczelnia\Inżynieria oprogramowania\project\Civ2020\Library\PackageCache\com.unity.visualscripting@1.7.5\Editor\VisualScripting.Core\Dependencies\YamlDotNet\Unity.VisualScripting.YamlDotNet.dll
Symbol file LoadedFromMemory doesn't match image C:\Users\olsza\OneDrive\Documents\uczelnia\Inżynieria oprogramowania\project\Civ2020\Library\PackageCache\com.unity.visualscripting@1.7.5\Editor\VisualScripting.Core\Dependencies\DotNetZip\Unity.VisualScripting.IonicZip.dll
Native extension for WindowsStandalone target not found
Refreshing native plugins compatible for Editor in 382.41 ms, found 4 plugins.
Preloading 0 native plugins for Editor in 0.00 ms.
Mono: successfully reloaded assembly
- Completed reload, in  5.186 seconds
Domain Reload Profiling:
	ReloadAssembly (5189ms)
		BeginReloadAssembly (623ms)
			ExecutionOrderSort (0ms)
			DisableScriptedObjects (18ms)
			BackupInstance (0ms)
			ReleaseScriptingObjects (0ms)
			CreateAndSetChildDomain (56ms)
		EndReloadAssembly (4277ms)
			LoadAssemblies (257ms)
			RebuildTransferFunctionScriptingTraits (0ms)
			SetupTypeCache (822ms)
			ReleaseScriptCaches (2ms)
			RebuildScriptCaches (197ms)
			SetupLoadedEditorAssemblies (2721ms)
				LogAssemblyErrors (0ms)
				InitializePlatformSupportModulesInManaged (31ms)
				SetLoadedEditorAssemblies (1ms)
				RefreshPlugins (383ms)
				BeforeProcessingInitializeOnLoad (445ms)
				ProcessInitializeOnLoadAttributes (1579ms)
				ProcessInitializeOnLoadMethodAttributes (260ms)
				AfterProcessingInitializeOnLoad (23ms)
				EditorAssembliesLoaded (0ms)
			ExecutionOrderSort2 (0ms)
			AwakeInstancesAfterBackupRestoration (15ms)
Platform modules already initialized, skipping
========================================================================
Worker process is ready to serve import requests
Launched and connected shader compiler UnityShaderCompiler.exe after 0.16 seconds
Refreshing native plugins compatible for Editor in 2.62 ms, found 4 plugins.
Preloading 0 native plugins for Editor in 0.00 ms.
Unloading 5318 Unused Serialized files (Serialized files now loaded: 0)
Unloading 42 unused Assets / (87.1 MB). Loaded Objects now: 5767.
Memory consumption went from 211.6 MB to 124.5 MB.
Total: 22.156200 ms (FindLiveObjects: 1.012700 ms CreateObjectMapping: 0.898100 ms MarkObjects: 19.397000 ms  DeleteObjects: 0.845600 ms)

AssetImportParameters requested are different than current active one (requested -> active):
  custom:video-decoder-ogg-theora: a1e56fd34408186e4bbccfd4996cb3dc -> 
  custom:container-muxer-webm: aa71ff27fc2769a1b78a27578f13a17b -> 
  custom:container-demuxer-webm: 4f35f7cbe854078d1ac9338744f61a02 -> 
  custom:video-encoder-webm-vp8: eb34c28f22e8b96e1ab97ce403110664 -> 
  custom:audio-encoder-webm-vorbis: bf7c407c2cedff20999df2af8eb42d56 -> 
  custom:framework-win-MediaFoundation: 216162199b28c13a410421893ffa2e32 -> 
  custom:container-demuxer-ogg: 62fdf1f143b41e24485cea50d1cbac27 -> 
  custom:video-decoder-webm-vp8: 9c59270c3fd7afecdb556c50c9e8de78 -> 
  custom:audio-decoder-ogg-vorbis: bf7c407c2cedff20999df2af8eb42d56 -> 
========================================================================
Received Import Request.
  Time since last request: 1729900.516745 seconds.
  path: Assets/Unlit2DMaterial.mat
  artifactKey: Guid(128a01cd79d09da4f94f8cecf45d16ac) Importer(815301076,1909f56bfc062723c751e8b465ee728b)
Start importing Assets/Unlit2DMaterial.mat using Guid(128a01cd79d09da4f94f8cecf45d16ac) Importer(815301076,1909f56bfc062723c751e8b465ee728b)  -> (artifact id: '5011fe7d34af50ff0f84dba1087001db') in 1.503941 seconds 
========================================================================
Received Import Request.
  Time since last request: 0.000057 seconds.
  path: Assets/UniversalRenderPipelineGlobalSettings.asset
  artifactKey: Guid(6e42d172910f9e54abdf70174880dc8a) Importer(815301076,1909f56bfc062723c751e8b465ee728b)
Start importing Assets/UniversalRenderPipelineGlobalSettings.asset using Guid(6e42d172910f9e54abdf70174880dc8a) Importer(815301076,1909f56bfc062723c751e8b465ee728b)  -> (artifact id: 'df696c82948b6d47d06ba54b68750f1f') in 0.019141 seconds 
========================================================================
Received Import Request.
  Time since last request: 15119.331982 seconds.
  path: Assets/URP/UniversalRenderPipelineAsset.asset
  artifactKey: Guid(485a8937101cc59469cecca94db78c71) Importer(815301076,1909f56bfc062723c751e8b465ee728b)
Start importing Assets/URP/UniversalRenderPipelineAsset.asset using Guid(485a8937101cc59469cecca94db78c71) Importer(815301076,1909f56bfc062723c751e8b465ee728b)  -> (artifact id: '7d6b9434bec28d274b3747b33c6c47f5') in 0.045926 seconds 
========================================================================
Received Import Request.
  Time since last request: 154.814887 seconds.
  path: Assets/_Tiles/AnimatedTiles/WaterTile.asset
  artifactKey: Guid(504a9635036b05f4782b88b3ed722d7c) Importer(815301076,1909f56bfc062723c751e8b465ee728b)
Start importing Assets/_Tiles/AnimatedTiles/WaterTile.asset using Guid(504a9635036b05f4782b88b3ed722d7c) Importer(815301076,1909f56bfc062723c751e8b465ee728b)  -> (artifact id: '5feeb085e3ebbb7e73ff982ad00acac9') in 0.044947 seconds 
========================================================================
Received Import Request.
  Time since last request: 1.891186 seconds.
  path: Assets/_Tiles/DefaultTIles/GroundTiles/tilemap_0.asset
  artifactKey: Guid(ee5c9c7cb92893541a82b99be70ba418) Importer(815301076,1909f56bfc062723c751e8b465ee728b)
Start importing Assets/_Tiles/DefaultTIles/GroundTiles/tilemap_0.asset using Guid(ee5c9c7cb92893541a82b99be70ba418) Importer(815301076,1909f56bfc062723c751e8b465ee728b)  -> (artifact id: 'f93b0241a11aa5b0b6f51718c2ee51ef') in 0.068472 seconds 
========================================================================
Received Import Request.
  Time since last request: 0.000059 seconds.
  path: Assets/_Tiles/DefaultTIles/GroundTiles/tilemap_12.asset
  artifactKey: Guid(2d7bcfc7c807ccd4b919aeef846b0268) Importer(815301076,1909f56bfc062723c751e8b465ee728b)
Start importing Assets/_Tiles/DefaultTIles/GroundTiles/tilemap_12.asset using Guid(2d7bcfc7c807ccd4b919aeef846b0268) Importer(815301076,1909f56bfc062723c751e8b465ee728b)  -> (artifact id: '353f735b41346ab7c6e73b3a763630ca') in 0.050674 seconds 
========================================================================
Received Import Request.
  Time since last request: 0.000078 seconds.
  path: Assets/_Tiles/DefaultTIles/GroundTiles/tilemap_45.asset
  artifactKey: Guid(2d49d4391bec86444ab34cf11fd09a73) Importer(815301076,1909f56bfc062723c751e8b465ee728b)
Start importing Assets/_Tiles/DefaultTIles/GroundTiles/tilemap_45.asset using Guid(2d49d4391bec86444ab34cf11fd09a73) Importer(815301076,1909f56bfc062723c751e8b465ee728b)  -> (artifact id: 'e61be0c9e627d04a10b1356f6cdfc321') in 0.048907 seconds 
========================================================================
Received Import Request.
  Time since last request: 0.000046 seconds.
  path: Assets/_Tiles/DefaultTIles/GroundTiles/tilemap_10.asset
  artifactKey: Guid(c64bd6ea8f2b74f449adaaa6c8ebd228) Importer(815301076,1909f56bfc062723c751e8b465ee728b)
Start importing Assets/_Tiles/DefaultTIles/GroundTiles/tilemap_10.asset using Guid(c64bd6ea8f2b74f449adaaa6c8ebd228) Importer(815301076,1909f56bfc062723c751e8b465ee728b)  -> (artifact id: '39f50a7b8e18f4d6d703b4bfb5c99f40') in 0.050473 seconds 
========================================================================
Received Import Request.
  Time since last request: 0.000119 seconds.
  path: Assets/_Tiles/DefaultTIles/GroundTiles/tilemap_39.asset
  artifactKey: Guid(cad5bd3c43c52ea4992331bf6b4cd898) Importer(815301076,1909f56bfc062723c751e8b465ee728b)
Start importing Assets/_Tiles/DefaultTIles/GroundTiles/tilemap_39.asset using Guid(cad5bd3c43c52ea4992331bf6b4cd898) Importer(815301076,1909f56bfc062723c751e8b465ee728b)  -> (artifact id: '320dfded02a471bec9bc54c8e357182f') in 0.039608 seconds 
========================================================================
Received Import Request.
  Time since last request: 0.000078 seconds.
  path: Assets/_Tiles/DefaultTIles/GroundTiles/tilemap_5.asset
  artifactKey: Guid(099916ee27f8f4a4e9c8b8c4f8e4b572) Importer(815301076,1909f56bfc062723c751e8b465ee728b)
Start importing Assets/_Tiles/DefaultTIles/GroundTiles/tilemap_5.asset using Guid(099916ee27f8f4a4e9c8b8c4f8e4b572) Importer(815301076,1909f56bfc062723c751e8b465ee728b)  -> (artifact id: '1d1c9f3659b637cf5122b8d703884a89') in 0.038452 seconds 
========================================================================
Received Import Request.
  Time since last request: 0.000108 seconds.
  path: Assets/_Tiles/DefaultTIles/GroundTiles/tilemap_43.asset
  artifactKey: Guid(21971504633f3304da43ef891b1096a4) Importer(815301076,1909f56bfc062723c751e8b465ee728b)
Start importing Assets/_Tiles/DefaultTIles/GroundTiles/tilemap_43.asset using Guid(21971504633f3304da43ef891b1096a4) Importer(815301076,1909f56bfc062723c751e8b465ee728b)  -> (artifact id: 'f3675d2d2b3d7d5511b5a320f8bde04d') in 0.042050 seconds 
========================================================================
Received Import Request.
  Time since last request: 0.000054 seconds.
  path: Assets/_Tiles/DefaultTIles/GroundTiles/tilemap_22.asset
  artifactKey: Guid(e9424c9b07fdf1f468b3f4023a93db52) Importer(815301076,1909f56bfc062723c751e8b465ee728b)
Start importing Assets/_Tiles/DefaultTIles/GroundTiles/tilemap_22.asset using Guid(e9424c9b07fdf1f468b3f4023a93db52) Importer(815301076,1909f56bfc062723c751e8b465ee728b)  -> (artifact id: '8eaec157b4130694362994306cae853e') in 0.037479 seconds 
========================================================================
Received Import Request.
  Time since last request: 0.000049 seconds.
  path: Assets/_Tiles/DefaultTIles/GroundTiles/tilemap_25.asset
  artifactKey: Guid(d653fd1410bdce243917bd1457d7ae1f) Importer(815301076,1909f56bfc062723c751e8b465ee728b)
Start importing Assets/_Tiles/DefaultTIles/GroundTiles/tilemap_25.asset using Guid(d653fd1410bdce243917bd1457d7ae1f) Importer(815301076,1909f56bfc062723c751e8b465ee728b)  -> (artifact id: 'a1ab992ab1124df2416b2558d2079cc5') in 0.038222 seconds 
========================================================================
Received Import Request.
  Time since last request: 0.000037 seconds.
  path: Assets/_Tiles/DefaultTIles/GroundTiles/tilemap_13.asset
  artifactKey: Guid(fbcfebb4f9569ad479c807909b48c81c) Importer(815301076,1909f56bfc062723c751e8b465ee728b)
Start importing Assets/_Tiles/DefaultTIles/GroundTiles/tilemap_13.asset using Guid(fbcfebb4f9569ad479c807909b48c81c) Importer(815301076,1909f56bfc062723c751e8b465ee728b)  -> (artifact id: '6e8e1ea59f9936a15b8247080e001c27') in 0.040585 seconds 
========================================================================
Received Import Request.
  Time since last request: 0.000050 seconds.
  path: Assets/_Tiles/DefaultTIles/GroundTiles/tilemap_26.asset
  artifactKey: Guid(c9aff6e2a293a5a42951f4345feab1f8) Importer(815301076,1909f56bfc062723c751e8b465ee728b)
Start importing Assets/_Tiles/DefaultTIles/GroundTiles/tilemap_26.asset using Guid(c9aff6e2a293a5a42951f4345feab1f8) Importer(815301076,1909f56bfc062723c751e8b465ee728b)  -> (artifact id: '4e538b85a668ba0c4d8650c43fa169b6') in 0.051012 seconds 
========================================================================
Received Import Request.
  Time since last request: 0.000065 seconds.
  path: Assets/_Tiles/DefaultTIles/GroundTiles/tilemap_50.asset
  artifactKey: Guid(7dd4e4d2290620a4e8a2d1c11f0bfa36) Importer(815301076,1909f56bfc062723c751e8b465ee728b)
Start importing Assets/_Tiles/DefaultTIles/GroundTiles/tilemap_50.asset using Guid(7dd4e4d2290620a4e8a2d1c11f0bfa36) Importer(815301076,1909f56bfc062723c751e8b465ee728b)  -> (artifact id: '642a52019002f6ddf7a3c8be7cd92fdd') in 0.046359 seconds 
========================================================================
Received Import Request.
  Time since last request: 0.000149 seconds.
  path: Assets/_Tiles/DefaultTIles/GroundTiles/tilemap_46.asset
  artifactKey: Guid(a943775f547043444b7a0e08cb2c0ad2) Importer(815301076,1909f56bfc062723c751e8b465ee728b)
Start importing Assets/_Tiles/DefaultTIles/GroundTiles/tilemap_46.asset using Guid(a943775f547043444b7a0e08cb2c0ad2) Importer(815301076,1909f56bfc062723c751e8b465ee728b)  -> (artifact id: '6c7a2b18091bac9f2615ac9102e5d7f8') in 0.053504 seconds 
========================================================================
Received Import Request.
  Time since last request: 0.000056 seconds.
  path: Assets/_Tiles/DefaultTIles/GroundTiles/tilemap_49.asset
  artifactKey: Guid(ba142cb76e736be49ba92a87a22416c7) Importer(815301076,1909f56bfc062723c751e8b465ee728b)
Start importing Assets/_Tiles/DefaultTIles/GroundTiles/tilemap_49.asset using Guid(ba142cb76e736be49ba92a87a22416c7) Importer(815301076,1909f56bfc062723c751e8b465ee728b)  -> (artifact id: '169b1daf4d9222ab3fb28abc33437818') in 0.043091 seconds 
========================================================================
Received Import Request.
  Time since last request: 0.000056 seconds.
  path: Assets/_Tiles/DefaultTIles/GroundTiles/tilemap_40.asset
  artifactKey: Guid(f40e07ba0647ca9428eca17e482d5197) Importer(815301076,1909f56bfc062723c751e8b465ee728b)
Start importing Assets/_Tiles/DefaultTIles/GroundTiles/tilemap_40.asset using Guid(f40e07ba0647ca9428eca17e482d5197) Importer(815301076,1909f56bfc062723c751e8b465ee728b)  -> (artifact id: '64edd2f09f2d78ba594d53d05002d033') in 0.039441 seconds 
========================================================================
Received Import Request.
  Time since last request: 0.000086 seconds.
  path: Assets/_Tiles/DefaultTIles/GroundTiles/tilemap_47.asset
  artifactKey: Guid(638ba8f803cdcf14f99af2ec85deff7e) Importer(815301076,1909f56bfc062723c751e8b465ee728b)
Start importing Assets/_Tiles/DefaultTIles/GroundTiles/tilemap_47.asset using Guid(638ba8f803cdcf14f99af2ec85deff7e) Importer(815301076,1909f56bfc062723c751e8b465ee728b)  -> (artifact id: 'a114b3fa335e88aaee99494f6e6cafe9') in 0.041161 seconds 
========================================================================
Received Import Request.
  Time since last request: 0.000158 seconds.
  path: Assets/_Tiles/DefaultTIles/GroundTiles/tilemap_2.asset
  artifactKey: Guid(2bc1ff14f5a07b344b57a474914f3763) Importer(815301076,1909f56bfc062723c751e8b465ee728b)
Start importing Assets/_Tiles/DefaultTIles/GroundTiles/tilemap_2.asset using Guid(2bc1ff14f5a07b344b57a474914f3763) Importer(815301076,1909f56bfc062723c751e8b465ee728b)  -> (artifact id: '6501e0117ea106274e8928acaae36bed') in 0.039931 seconds 
========================================================================
Received Import Request.
  Time since last request: 0.000044 seconds.
  path: Assets/_Tiles/DefaultTIles/GroundTiles/tilemap_14.asset
  artifactKey: Guid(ce2020e18431fe640aa6530312bb8372) Importer(815301076,1909f56bfc062723c751e8b465ee728b)
Start importing Assets/_Tiles/DefaultTIles/GroundTiles/tilemap_14.asset using Guid(ce2020e18431fe640aa6530312bb8372) Importer(815301076,1909f56bfc062723c751e8b465ee728b)  -> (artifact id: '45aa75495262dad6098bcd1a806cd739') in 0.047141 seconds 
========================================================================
Received Import Request.
  Time since last request: 0.000077 seconds.
  path: Assets/_Tiles/DefaultTIles/GroundTiles/tilemap_48.asset
  artifactKey: Guid(f1e271a102bbc0c428672dddc8c0c16f) Importer(815301076,1909f56bfc062723c751e8b465ee728b)
Start importing Assets/_Tiles/DefaultTIles/GroundTiles/tilemap_48.asset using Guid(f1e271a102bbc0c428672dddc8c0c16f) Importer(815301076,1909f56bfc062723c751e8b465ee728b)  -> (artifact id: '4775284ac32e7bb0e66257ffeb30e7d4') in 0.042482 seconds 
========================================================================
Received Import Request.
  Time since last request: 0.000048 seconds.
  path: Assets/_Tiles/DefaultTIles/GroundTiles/tilemap_18.asset
  artifactKey: Guid(45725831c95a66b4bbb8a963fa0f474c) Importer(815301076,1909f56bfc062723c751e8b465ee728b)
Start importing Assets/_Tiles/DefaultTIles/GroundTiles/tilemap_18.asset using Guid(45725831c95a66b4bbb8a963fa0f474c) Importer(815301076,1909f56bfc062723c751e8b465ee728b)  -> (artifact id: 'f4e08a370e5d4b6566be42f2d72fc746') in 0.041322 seconds 
========================================================================
Received Import Request.
  Time since last request: 0.000056 seconds.
  path: Assets/_Tiles/DefaultTIles/GroundTiles/tilemap_6.asset
  artifactKey: Guid(5b8b1c51d0e7c7a49802db8d0f9ec36f) Importer(815301076,1909f56bfc062723c751e8b465ee728b)
Start importing Assets/_Tiles/DefaultTIles/GroundTiles/tilemap_6.asset using Guid(5b8b1c51d0e7c7a49802db8d0f9ec36f) Importer(815301076,1909f56bfc062723c751e8b465ee728b)  -> (artifact id: 'e729d42188c39071645760e53189435a') in 0.042063 seconds 
========================================================================
Received Import Request.
  Time since last request: 0.000089 seconds.
  path: Assets/_Tiles/DefaultTIles/GroundTiles/tilemap_27.asset
  artifactKey: Guid(f41a5a96e23f4644b8946b79c113034d) Importer(815301076,1909f56bfc062723c751e8b465ee728b)
Start importing Assets/_Tiles/DefaultTIles/GroundTiles/tilemap_27.asset using Guid(f41a5a96e23f4644b8946b79c113034d) Importer(815301076,1909f56bfc062723c751e8b465ee728b)  -> (artifact id: 'fe06abfebe46096e03594b4c61c145c1') in 0.039939 seconds 
========================================================================
Received Import Request.
  Time since last request: 0.000045 seconds.
  path: Assets/_Tiles/DefaultTIles/GroundTiles/tilemap_38.asset
  artifactKey: Guid(75e86646f7759b64d93d455368c241ec) Importer(815301076,1909f56bfc062723c751e8b465ee728b)
Start importing Assets/_Tiles/DefaultTIles/GroundTiles/tilemap_38.asset using Guid(75e86646f7759b64d93d455368c241ec) Importer(815301076,1909f56bfc062723c751e8b465ee728b)  -> (artifact id: '52a6ada935f4be759e7105ebd96781eb') in 0.036827 seconds 
========================================================================
Received Import Request.
  Time since last request: 0.000078 seconds.
  path: Assets/_Tiles/DefaultTIles/GroundTiles/tilemap_19.asset
  artifactKey: Guid(c9d8e7377090d084fab5acd9051f247a) Importer(815301076,1909f56bfc062723c751e8b465ee728b)
Start importing Assets/_Tiles/DefaultTIles/GroundTiles/tilemap_19.asset using Guid(c9d8e7377090d084fab5acd9051f247a) Importer(815301076,1909f56bfc062723c751e8b465ee728b)  -> (artifact id: 'c3b17bb9f1bea6ac5215804616c63061') in 0.042881 seconds 
========================================================================
Received Import Request.
  Time since last request: 0.000049 seconds.
  path: Assets/_Tiles/DefaultTIles/GroundTiles/tilemap_44.asset
  artifactKey: Guid(d10245fa791995048841555d04c9c215) Importer(815301076,1909f56bfc062723c751e8b465ee728b)
Start importing Assets/_Tiles/DefaultTIles/GroundTiles/tilemap_44.asset using Guid(d10245fa791995048841555d04c9c215) Importer(815301076,1909f56bfc062723c751e8b465ee728b)  -> (artifact id: '76265c7de617d9c185370196a7c1b0ea') in 0.038591 seconds 
========================================================================
Received Import Request.
  Time since last request: 1.550853 seconds.
  path: Assets/_Tiles/RuleTiles/Island_Rule_Tile.asset
  artifactKey: Guid(75727659479476145bbdc14552e15af8) Importer(815301076,1909f56bfc062723c751e8b465ee728b)
Start importing Assets/_Tiles/RuleTiles/Island_Rule_Tile.asset using Guid(75727659479476145bbdc14552e15af8) Importer(815301076,1909f56bfc062723c751e8b465ee728b)  -> (artifact id: '2e29c996571c5a8057092d8b6122aaf5') in 0.101333 seconds 
========================================================================
Received Import Request.
  Time since last request: 0.735311 seconds.
  path: Assets/_Tiles/DefaultTIles/PropTiles/Props.prefab
  artifactKey: Guid(75e5564f408004b43b85c7f3ff404a58) Importer(815301076,1909f56bfc062723c751e8b465ee728b)
Start importing Assets/_Tiles/DefaultTIles/PropTiles/Props.prefab using Guid(75e5564f408004b43b85c7f3ff404a58) Importer(815301076,1909f56bfc062723c751e8b465ee728b)  -> (artifact id: 'd6b2d996a8259fea1e572e0d0b8564af') in 0.750543 seconds 
========================================================================
Received Import Request.
  Time since last request: 0.000077 seconds.
  path: Assets/_Tiles/DefaultTIles/PropTiles/tilemap_59.asset
  artifactKey: Guid(d3502678243643a4bb4907a401284460) Importer(815301076,1909f56bfc062723c751e8b465ee728b)
Start importing Assets/_Tiles/DefaultTIles/PropTiles/tilemap_59.asset using Guid(d3502678243643a4bb4907a401284460) Importer(815301076,1909f56bfc062723c751e8b465ee728b)  -> (artifact id: '5f2fd80ca599c452316e7ff43ea35853') in 0.045047 seconds 
========================================================================
Received Import Request.
  Time since last request: 0.000196 seconds.
  path: Assets/_Tiles/DefaultTIles/PropTiles/tilemap_75.asset
  artifactKey: Guid(757aedef5266adf43a3df796afdba90f) Importer(815301076,1909f56bfc062723c751e8b465ee728b)
Start importing Assets/_Tiles/DefaultTIles/PropTiles/tilemap_75.asset using Guid(757aedef5266adf43a3df796afdba90f) Importer(815301076,1909f56bfc062723c751e8b465ee728b)  -> (artifact id: 'cda4c7eb51263f50d4f645136b50b8c7') in 0.046294 seconds 
========================================================================
Received Import Request.
  Time since last request: 0.000046 seconds.
  path: Assets/_Tiles/DefaultTIles/PropTiles/tilemap_69.asset
  artifactKey: Guid(9b54a00f3c5aaac46b37a6c76de6d66a) Importer(815301076,1909f56bfc062723c751e8b465ee728b)
Start importing Assets/_Tiles/DefaultTIles/PropTiles/tilemap_69.asset using Guid(9b54a00f3c5aaac46b37a6c76de6d66a) Importer(815301076,1909f56bfc062723c751e8b465ee728b)  -> (artifact id: 'cc37956a0081519071f6e5a676fd7153') in 0.035419 seconds 
========================================================================
Received Import Request.
  Time since last request: 0.000042 seconds.
  path: Assets/_Tiles/DefaultTIles/PropTiles/tilemap_53.asset
  artifactKey: Guid(f2a255f183b7a174e81512ba12caffc9) Importer(815301076,1909f56bfc062723c751e8b465ee728b)
Start importing Assets/_Tiles/DefaultTIles/PropTiles/tilemap_53.asset using Guid(f2a255f183b7a174e81512ba12caffc9) Importer(815301076,1909f56bfc062723c751e8b465ee728b)  -> (artifact id: 'aec6681e924cbf8d010f2e91abb741bb') in 0.032638 seconds 
========================================================================
Received Import Request.
  Time since last request: 0.000063 seconds.
  path: Assets/_Tiles/DefaultTIles/PropTiles/tilemap_79.asset
  artifactKey: Guid(69cbbbababdc4b243b6ae3df40ed2f7e) Importer(815301076,1909f56bfc062723c751e8b465ee728b)
Start importing Assets/_Tiles/DefaultTIles/PropTiles/tilemap_79.asset using Guid(69cbbbababdc4b243b6ae3df40ed2f7e) Importer(815301076,1909f56bfc062723c751e8b465ee728b)  -> (artifact id: 'ef615047c4589b2cc3e2d7a2880a3186') in 0.032020 seconds 
========================================================================
Received Import Request.
  Time since last request: 0.000051 seconds.
  path: Assets/_Tiles/DefaultTIles/PropTiles/tilemap_87.asset
  artifactKey: Guid(e8d2466b75dbc624385f8111c46750b8) Importer(815301076,1909f56bfc062723c751e8b465ee728b)
Start importing Assets/_Tiles/DefaultTIles/PropTiles/tilemap_87.asset using Guid(e8d2466b75dbc624385f8111c46750b8) Importer(815301076,1909f56bfc062723c751e8b465ee728b)  -> (artifact id: '2b4628644ce709ff32ea3c4b6621c11f') in 0.046330 seconds 
========================================================================
Received Import Request.
  Time since last request: 0.000085 seconds.
  path: Assets/_Tiles/DefaultTIles/PropTiles/tilemap_65.asset
  artifactKey: Guid(6b7edd9d69aea4047bbb0af73abbe571) Importer(815301076,1909f56bfc062723c751e8b465ee728b)
Start importing Assets/_Tiles/DefaultTIles/PropTiles/tilemap_65.asset using Guid(6b7edd9d69aea4047bbb0af73abbe571) Importer(815301076,1909f56bfc062723c751e8b465ee728b)  -> (artifact id: 'db8c510d7054e70ed3d36555a0184cff') in 0.032814 seconds 
========================================================================
Received Import Request.
  Time since last request: 0.000041 seconds.
  path: Assets/_Tiles/DefaultTIles/Highlight/highlight_tile.asset
  artifactKey: Guid(c06e815f641e40b45909d51afab11164) Importer(815301076,1909f56bfc062723c751e8b465ee728b)
Start importing Assets/_Tiles/DefaultTIles/Highlight/highlight_tile.asset using Guid(c06e815f641e40b45909d51afab11164) Importer(815301076,1909f56bfc062723c751e8b465ee728b)  -> (artifact id: '5e5a9340f4cdfcd931b510169cdafc08') in 0.029939 seconds 
========================================================================
Received Import Request.
  Time since last request: 1362.500838 seconds.
  path: Assets/_Assets/Tiny-Islands-by-Majadroid/tilemap.png
  artifactKey: Guid(e9a6f53efd9dcbe4facdfd6b3fdd0870) Importer(815301076,1909f56bfc062723c751e8b465ee728b)
Start importing Assets/_Assets/Tiny-Islands-by-Majadroid/tilemap.png using Guid(e9a6f53efd9dcbe4facdfd6b3fdd0870) Importer(815301076,1909f56bfc062723c751e8b465ee728b)  -> (artifact id: '0f3893f212c572c90ead739309eb7a44') in 1.257058 seconds 
========================================================================
Received Import Request.
  Time since last request: 687.036064 seconds.
  path: ProjectSettings/TagManager.asset
  artifactKey: Guid(00000000000000003000000000000000) Importer(815301076,1909f56bfc062723c751e8b465ee728b)
Start importing ProjectSettings/TagManager.asset using Guid(00000000000000003000000000000000) Importer(815301076,1909f56bfc062723c751e8b465ee728b)  -> (artifact id: '26da51e529da63c691e5d7e865376c3c') in 0.034133 seconds 
