Using pre-set license
Built from '2021.2/staging' branch; Version is '2021.2.4f1 (99ba6aa4c552) revision 10074730'; Using compiler version '192829333'; Build Type 'Release'
OS: 'Windows 10 Home; OS build 19042.1288; Version 2009; 64bit' Language: 'en' Physical Memory: 8082 MB
BatchMode: 1, IsHumanControllingUs: 0, StartBugReporterOnCrash: 0, Is64bit: 1, IsPro: 0

COMMAND LINE ARGUMENTS:
C:\Program Files\Unity\Hub\Editor\2021.2.4f1\Editor\Unity.exe
-adb2
-batchMode
-noUpm
-name
AssetImportWorker0
-projectPath
C:/Users/pazer/Documents/GitHub/Civ_Game
-logFile
Logs/AssetImportWorker0.log
-srvPort
53192
Successfully changed project path to: C:/Users/pazer/Documents/GitHub/Civ_Game
C:/Users/pazer/Documents/GitHub/Civ_Game
[UnityMemory] Configuration Parameters - Can be set up in boot.config
    "memorysetup-bucket-allocator-granularity=16"
    "memorysetup-bucket-allocator-bucket-count=8"
    "memorysetup-bucket-allocator-block-size=33554432"
    "memorysetup-bucket-allocator-block-count=8"
    "memorysetup-main-allocator-block-size=16777216"
    "memorysetup-thread-allocator-block-size=16777216"
    "memorysetup-gfx-main-allocator-block-size=16777216"
    "memorysetup-gfx-thread-allocator-block-size=16777216"
    "memorysetup-cache-allocator-block-size=4194304"
    "memorysetup-typetree-allocator-block-size=2097152"
    "memorysetup-profiler-bucket-allocator-granularity=16"
    "memorysetup-profiler-bucket-allocator-bucket-count=8"
    "memorysetup-profiler-bucket-allocator-block-size=33554432"
    "memorysetup-profiler-bucket-allocator-block-count=8"
    "memorysetup-profiler-allocator-block-size=16777216"
    "memorysetup-profiler-editor-allocator-block-size=1048576"
    "memorysetup-temp-allocator-size-main=16777216"
    "memorysetup-job-temp-allocator-block-size=2097152"
    "memorysetup-job-temp-allocator-block-size-background=1048576"
    "memorysetup-job-temp-allocator-reduction-small-platforms=262144"
    "memorysetup-temp-allocator-size-background-worker=32768"
    "memorysetup-temp-allocator-size-job-worker=262144"
    "memorysetup-temp-allocator-size-preload-manager=33554432"
    "memorysetup-temp-allocator-size-nav-mesh-worker=65536"
    "memorysetup-temp-allocator-size-audio-worker=65536"
    "memorysetup-temp-allocator-size-cloud-worker=32768"
    "memorysetup-temp-allocator-size-gi-baking-worker=262144"
    "memorysetup-temp-allocator-size-gfx=262144"
Refreshing native plugins compatible for Editor in 467.74 ms, found 4 plugins.
Preloading 0 native plugins for Editor in 0.00 ms.
Initialize engine version: 2021.2.4f1 (99ba6aa4c552)
[Subsystems] Discovering subsystems at path C:/Program Files/Unity/Hub/Editor/2021.2.4f1/Editor/Data/Resources/UnitySubsystems
[Subsystems] Discovering subsystems at path C:/Users/pazer/Documents/GitHub/Civ_Game/Assets
GfxDevice: creating device client; threaded=0; jobified=0
Direct3D:
    Version:  Direct3D 11.0 [level 11.1]
    Renderer: AMD Radeon (TM) R5 M330 (ID=0x6660)
    Vendor:   ATI
    VRAM:     2039 MB
    Driver:   27.20.15003.5017
Initialize mono
Mono path[0] = 'C:/Program Files/Unity/Hub/Editor/2021.2.4f1/Editor/Data/Managed'
Mono path[1] = 'C:/Program Files/Unity/Hub/Editor/2021.2.4f1/Editor/Data/MonoBleedingEdge/lib/mono/unityjit-win32'
Mono config path = 'C:/Program Files/Unity/Hub/Editor/2021.2.4f1/Editor/Data/MonoBleedingEdge/etc'
Using monoOptions --debugger-agent=transport=dt_socket,embedding=1,server=y,suspend=n,address=127.0.0.1:56536
Begin MonoManager ReloadAssembly
Registering precompiled unity dll's ...
Register platform support module: C:/Program Files/Unity/Hub/Editor/2021.2.4f1/Editor/Data/PlaybackEngines/WindowsStandaloneSupport/UnityEditor.WindowsStandalone.Extensions.dll
Registered in 0.028169 seconds.
Native extension for WindowsStandalone target not found
Refreshing native plugins compatible for Editor in 173.00 ms, found 4 plugins.
Preloading 0 native plugins for Editor in 0.00 ms.
Mono: successfully reloaded assembly
- Completed reload, in  1.966 seconds
Domain Reload Profiling:
	ReloadAssembly (1966ms)
		BeginReloadAssembly (335ms)
			ExecutionOrderSort (0ms)
			DisableScriptedObjects (0ms)
			BackupInstance (0ms)
			ReleaseScriptingObjects (0ms)
			CreateAndSetChildDomain (2ms)
		EndReloadAssembly (1002ms)
			LoadAssemblies (330ms)
			RebuildTransferFunctionScriptingTraits (0ms)
			SetupTypeCache (310ms)
			ReleaseScriptCaches (0ms)
			RebuildScriptCaches (56ms)
			SetupLoadedEditorAssemblies (540ms)
				LogAssemblyErrors (0ms)
				InitializePlatformSupportModulesInManaged (29ms)
				SetLoadedEditorAssemblies (0ms)
				RefreshPlugins (173ms)
				BeforeProcessingInitializeOnLoad (2ms)
				ProcessInitializeOnLoadAttributes (247ms)
				ProcessInitializeOnLoadMethodAttributes (87ms)
				AfterProcessingInitializeOnLoad (0ms)
				EditorAssembliesLoaded (0ms)
			ExecutionOrderSort2 (0ms)
			AwakeInstancesAfterBackupRestoration (0ms)
Platform modules already initialized, skipping
Registering precompiled user dll's ...
Registered in 0.041012 seconds.
Begin MonoManager ReloadAssembly
Symbol file LoadedFromMemory doesn't match image C:\Users\pazer\Documents\GitHub\Civ_Game\Library\PackageCache\com.unity.visualscripting@1.7.5\Editor\VisualScripting.Core\Dependencies\YamlDotNet\Unity.VisualScripting.YamlDotNet.dll
Symbol file LoadedFromMemory doesn't match image C:\Users\pazer\Documents\GitHub\Civ_Game\Library\PackageCache\com.unity.visualscripting@1.7.5\Editor\VisualScripting.Core\Dependencies\DotNetZip\Unity.VisualScripting.IonicZip.dll
Native extension for WindowsStandalone target not found
Refreshing native plugins compatible for Editor in 316.94 ms, found 4 plugins.
Preloading 0 native plugins for Editor in 0.00 ms.
Mono: successfully reloaded assembly
- Completed reload, in  5.714 seconds
Domain Reload Profiling:
	ReloadAssembly (5715ms)
		BeginReloadAssembly (1584ms)
			ExecutionOrderSort (0ms)
			DisableScriptedObjects (9ms)
			BackupInstance (0ms)
			ReleaseScriptingObjects (1ms)
			CreateAndSetChildDomain (50ms)
		EndReloadAssembly (3929ms)
			LoadAssemblies (737ms)
			RebuildTransferFunctionScriptingTraits (0ms)
			SetupTypeCache (1099ms)
			ReleaseScriptCaches (3ms)
			RebuildScriptCaches (134ms)
			SetupLoadedEditorAssemblies (1836ms)
				LogAssemblyErrors (0ms)
				InitializePlatformSupportModulesInManaged (20ms)
				SetLoadedEditorAssemblies (0ms)
				RefreshPlugins (317ms)
				BeforeProcessingInitializeOnLoad (308ms)
				ProcessInitializeOnLoadAttributes (1003ms)
				ProcessInitializeOnLoadMethodAttributes (172ms)
				AfterProcessingInitializeOnLoad (14ms)
				EditorAssembliesLoaded (0ms)
			ExecutionOrderSort2 (0ms)
			AwakeInstancesAfterBackupRestoration (14ms)
Platform modules already initialized, skipping
========================================================================
Worker process is ready to serve import requests
Launched and connected shader compiler UnityShaderCompiler.exe after 0.19 seconds
Refreshing native plugins compatible for Editor in 2.10 ms, found 4 plugins.
Preloading 0 native plugins for Editor in 0.00 ms.
Unloading 5318 Unused Serialized files (Serialized files now loaded: 0)
Unloading 42 unused Assets / (85.4 MB). Loaded Objects now: 5767.
Memory consumption went from 209.8 MB to 124.4 MB.
Total: 10.450900 ms (FindLiveObjects: 0.688000 ms CreateObjectMapping: 0.712900 ms MarkObjects: 8.630800 ms  DeleteObjects: 0.417600 ms)

AssetImportParameters requested are different than current active one (requested -> active):
  custom:video-decoder-ogg-theora: a1e56fd34408186e4bbccfd4996cb3dc -> 
  custom:container-muxer-webm: aa71ff27fc2769a1b78a27578f13a17b -> 
  custom:container-demuxer-webm: 4f35f7cbe854078d1ac9338744f61a02 -> 
  custom:video-encoder-webm-vp8: eb34c28f22e8b96e1ab97ce403110664 -> 
  custom:video-codec-MediaFoundation-h265: 746d11721c4dcdbdad8f713fa42b33f4 -> 
  custom:audio-encoder-webm-vorbis: bf7c407c2cedff20999df2af8eb42d56 -> 
  custom:framework-win-MediaFoundation: 216162199b28c13a410421893ffa2e32 -> 
  custom:container-demuxer-ogg: 62fdf1f143b41e24485cea50d1cbac27 -> 
  custom:video-decoder-webm-vp8: 9c59270c3fd7afecdb556c50c9e8de78 -> 
  custom:audio-decoder-ogg-vorbis: bf7c407c2cedff20999df2af8eb42d56 -> 
========================================================================
Received Import Request.
  Time since last request: 2156088.273574 seconds.
  path: Assets/UniversalRenderPipelineGlobalSettings.asset
  artifactKey: Guid(6e42d172910f9e54abdf70174880dc8a) Importer(815301076,1909f56bfc062723c751e8b465ee728b)
Start importing Assets/UniversalRenderPipelineGlobalSettings.asset using Guid(6e42d172910f9e54abdf70174880dc8a) Importer(815301076,1909f56bfc062723c751e8b465ee728b)  -> (artifact id: 'fd39f4b6f4f4d9ccfc28f28e5b623a13') in 0.069701 seconds 
========================================================================
Received Import Request.
  Time since last request: 13.948463 seconds.
  path: Assets/_Tiles
  artifactKey: Guid(fa410283c069e2d4fa2c9608c7bf9c7d) Importer(815301076,1909f56bfc062723c751e8b465ee728b)
Start importing Assets/_Tiles using Guid(fa410283c069e2d4fa2c9608c7bf9c7d) Importer(815301076,1909f56bfc062723c751e8b465ee728b)  -> (artifact id: '5437a3d488179817d1038322c50c403e') in 0.008563 seconds 
========================================================================
Received Import Request.
  Time since last request: 0.067389 seconds.
  path: Assets/_Tiles/Ground.prefab
  artifactKey: Guid(3f16144361b42e8498dae2bba7607a89) Importer(815301076,1909f56bfc062723c751e8b465ee728b)
Start importing Assets/_Tiles/Ground.prefab using Guid(3f16144361b42e8498dae2bba7607a89) Importer(815301076,1909f56bfc062723c751e8b465ee728b)  -> (artifact id: 'd4f85754c7fb6eebebd6e26ecf32e2cc') in 0.359102 seconds 
========================================================================
Received Import Request.
  Time since last request: 35.492321 seconds.
  path: Assets/_Assets/highlight_tile.png
  artifactKey: Guid(2562db5e1e5906044a7c3a79c90d3a27) Importer(815301076,1909f56bfc062723c751e8b465ee728b)
Start importing Assets/_Assets/highlight_tile.png using Guid(2562db5e1e5906044a7c3a79c90d3a27) Importer(815301076,1909f56bfc062723c751e8b465ee728b)  -> (artifact id: '95a3986b7f4be386597f2e22a9c8129b') in 0.068701 seconds 
========================================================================
Received Import Request.
  Time since last request: 25.548741 seconds.
  path: Assets/_Prefabs/UI/BuildingPanelFarmer.prefab
  artifactKey: Guid(3c037d4002ce933448fe7ae91f6a2640) Importer(815301076,1909f56bfc062723c751e8b465ee728b)
Start importing Assets/_Prefabs/UI/BuildingPanelFarmer.prefab using Guid(3c037d4002ce933448fe7ae91f6a2640) Importer(815301076,1909f56bfc062723c751e8b465ee728b)  -> (artifact id: 'a9de91f9b493120780a7cd1296de6379') in 0.146805 seconds 
========================================================================
Received Import Request.
  Time since last request: 0.000048 seconds.
  path: Assets/_Prefabs/UI/Top_Bar_UI.prefab
  artifactKey: Guid(bcd02e97c95b5a643937450203b824a5) Importer(815301076,1909f56bfc062723c751e8b465ee728b)
Start importing Assets/_Prefabs/UI/Top_Bar_UI.prefab using Guid(bcd02e97c95b5a643937450203b824a5) Importer(815301076,1909f56bfc062723c751e8b465ee728b)  -> (artifact id: '22ee891053cec9523db12c3d8245951a') in 0.075810 seconds 
========================================================================
Received Import Request.
  Time since last request: 0.000087 seconds.
  path: Assets/_Prefabs/UI/ResourceUI.prefab
  artifactKey: Guid(e34b355afadbc4445b940f3743d1a25a) Importer(815301076,1909f56bfc062723c751e8b465ee728b)
Start importing Assets/_Prefabs/UI/ResourceUI.prefab using Guid(e34b355afadbc4445b940f3743d1a25a) Importer(815301076,1909f56bfc062723c751e8b465ee728b)  -> (artifact id: '0d6b5d8c4d91086dfceccf6522c95732') in 0.103841 seconds 
========================================================================
Received Import Request.
  Time since last request: 0.000041 seconds.
  path: Assets/_Prefabs/UI/EnemyTurnPanel.prefab
  artifactKey: Guid(47f8de2207ac1554bb8fc73c7f8ac4f3) Importer(815301076,1909f56bfc062723c751e8b465ee728b)
Start importing Assets/_Prefabs/UI/EnemyTurnPanel.prefab using Guid(47f8de2207ac1554bb8fc73c7f8ac4f3) Importer(815301076,1909f56bfc062723c751e8b465ee728b)  -> (artifact id: '4ef4af2f4c18922a84d1f5dc292c4983') in 0.068349 seconds 
========================================================================
Received Import Request.
  Time since last request: 38.238535 seconds.
  path: Assets/Scenes/Scene1.unity
  artifactKey: Guid(c98ab3e5e75fd5149940a25afe1d6024) Importer(815301076,1909f56bfc062723c751e8b465ee728b)
Start importing Assets/Scenes/Scene1.unity using Guid(c98ab3e5e75fd5149940a25afe1d6024) Importer(815301076,1909f56bfc062723c751e8b465ee728b)  -> (artifact id: '5b8f9428566e3a35be23b21a39d557f3') in 0.018737 seconds 
========================================================================
Received Import Request.
  Time since last request: 120.835979 seconds.
  path: Assets
  artifactKey: Guid(00000000000000001000000000000000) Importer(815301076,1909f56bfc062723c751e8b465ee728b)
Start importing Assets using Guid(00000000000000001000000000000000) Importer(815301076,1909f56bfc062723c751e8b465ee728b)  -> (artifact id: '79842766b460edbeab6a34051e857a80') in 0.017615 seconds 
========================================================================
Received Import Request.
  Time since last request: 139.336571 seconds.
  path: Assets/_Assets/Cimeto - RPG bronze-iron age icons/workers.png
  artifactKey: Guid(44fbb3d250c921b4585df6ff25572740) Importer(815301076,1909f56bfc062723c751e8b465ee728b)
Start importing Assets/_Assets/Cimeto - RPG bronze-iron age icons/workers.png using Guid(44fbb3d250c921b4585df6ff25572740) Importer(815301076,1909f56bfc062723c751e8b465ee728b)  -> (artifact id: '86b8a93d73f7b58b99be2966bbc4889f') in 0.088649 seconds 
========================================================================
Received Import Request.
  Time since last request: 16.521956 seconds.
  path: Assets/_Assets/Cimeto - RPG bronze-iron age icons/Link.txt
  artifactKey: Guid(1837b4d155cdd0240b03e5c39e5f23d9) Importer(815301076,1909f56bfc062723c751e8b465ee728b)
Start importing Assets/_Assets/Cimeto - RPG bronze-iron age icons/Link.txt using Guid(1837b4d155cdd0240b03e5c39e5f23d9) Importer(815301076,1909f56bfc062723c751e8b465ee728b)  -> (artifact id: '3879720796af3bcd10e0d6a321bad623') in 0.024338 seconds 
========================================================================
Received Import Request.
  Time since last request: 61.593912 seconds.
  path: Assets/_Assets/Cimeto - RPG bronze-iron age icons
  artifactKey: Guid(1b4a29183d5684a478ddb8cc5c1833ea) Importer(815301076,1909f56bfc062723c751e8b465ee728b)
Start importing Assets/_Assets/Cimeto - RPG bronze-iron age icons using Guid(1b4a29183d5684a478ddb8cc5c1833ea) Importer(815301076,1909f56bfc062723c751e8b465ee728b)  -> (artifact id: 'f304aa083d424ad02148564b2b18fcd1') in 0.017574 seconds 
========================================================================
Received Import Request.
  Time since last request: 275.959832 seconds.
  path: Assets/_Assets
  artifactKey: Guid(b04c2fe00f00e77478419d953d038a4e) Importer(815301076,1909f56bfc062723c751e8b465ee728b)
Start importing Assets/_Assets using Guid(b04c2fe00f00e77478419d953d038a4e) Importer(815301076,1909f56bfc062723c751e8b465ee728b)  -> (artifact id: 'fd8c6239f2d21d263228cdbc9322e765') in 0.015821 seconds 
========================================================================
Received Import Request.
  Time since last request: 9.221578 seconds.
  path: Assets/_Assets/New Folder
  artifactKey: Guid(e44c8eb3c1848cc48a2c2089afb8a85c) Importer(815301076,1909f56bfc062723c751e8b465ee728b)
Start importing Assets/_Assets/New Folder using Guid(e44c8eb3c1848cc48a2c2089afb8a85c) Importer(815301076,1909f56bfc062723c751e8b465ee728b)  -> (artifact id: 'af6d47d9cb57d31cd2fdd415c3e00d42') in 0.014353 seconds 
========================================================================
Received Import Request.
  Time since last request: 0.032129 seconds.
  path: Assets/_Assets/Kenney
  artifactKey: Guid(75a40a7a3a7d9964b9f81c87b7cd7fea) Importer(815301076,1909f56bfc062723c751e8b465ee728b)
Start importing Assets/_Assets/Kenney using Guid(75a40a7a3a7d9964b9f81c87b7cd7fea) Importer(815301076,1909f56bfc062723c751e8b465ee728b)  -> (artifact id: 'a45a3a347a5861532a39c0eb0d542725') in 0.016482 seconds 
========================================================================
Received Import Request.
  Time since last request: 18.941527 seconds.
  path: Assets/New Folder
  artifactKey: Guid(becae0067163e8a4b891609da003d124) Importer(815301076,1909f56bfc062723c751e8b465ee728b)
Start importing Assets/New Folder using Guid(becae0067163e8a4b891609da003d124) Importer(815301076,1909f56bfc062723c751e8b465ee728b)  -> (artifact id: 'ed3e9a1519283c2542d97212a621496b') in 0.006285 seconds 
========================================================================
Received Import Request.
  Time since last request: 6.805802 seconds.
  path: Assets/_Scripts
  artifactKey: Guid(becae0067163e8a4b891609da003d124) Importer(815301076,1909f56bfc062723c751e8b465ee728b)
Start importing Assets/_Scripts using Guid(becae0067163e8a4b891609da003d124) Importer(815301076,1909f56bfc062723c751e8b465ee728b)  -> (artifact id: 'c325ac57abee22607e11cf0fe463cad8') in 0.013587 seconds 
========================================================================
Received Prepare
Registering precompiled user dll's ...
Registered in 0.030778 seconds.
Begin MonoManager ReloadAssembly
Symbol file LoadedFromMemory doesn't match image C:\Users\pazer\Documents\GitHub\Civ_Game\Library\PackageCache\com.unity.visualscripting@1.7.5\Editor\VisualScripting.Core\Dependencies\YamlDotNet\Unity.VisualScripting.YamlDotNet.dll
Symbol file LoadedFromMemory doesn't match image C:\Users\pazer\Documents\GitHub\Civ_Game\Library\PackageCache\com.unity.visualscripting@1.7.5\Editor\VisualScripting.Core\Dependencies\DotNetZip\Unity.VisualScripting.IonicZip.dll
Native extension for WindowsStandalone target not found
Refreshing native plugins compatible for Editor in 1.97 ms, found 4 plugins.
Preloading 0 native plugins for Editor in 0.00 ms.
Mono: successfully reloaded assembly
- Completed reload, in  2.722 seconds
Domain Reload Profiling:
	ReloadAssembly (2723ms)
		BeginReloadAssembly (288ms)
			ExecutionOrderSort (0ms)
			DisableScriptedObjects (14ms)
			BackupInstance (0ms)
			ReleaseScriptingObjects (0ms)
			CreateAndSetChildDomain (84ms)
		EndReloadAssembly (2259ms)
			LoadAssemblies (180ms)
			RebuildTransferFunctionScriptingTraits (0ms)
			SetupTypeCache (555ms)
			ReleaseScriptCaches (2ms)
			RebuildScriptCaches (98ms)
			SetupLoadedEditorAssemblies (1147ms)
				LogAssemblyErrors (0ms)
				InitializePlatformSupportModulesInManaged (24ms)
				SetLoadedEditorAssemblies (1ms)
				RefreshPlugins (2ms)
				BeforeProcessingInitializeOnLoad (172ms)
				ProcessInitializeOnLoadAttributes (769ms)
				ProcessInitializeOnLoadMethodAttributes (149ms)
				AfterProcessingInitializeOnLoad (29ms)
				EditorAssembliesLoaded (1ms)
			ExecutionOrderSort2 (0ms)
			AwakeInstancesAfterBackupRestoration (41ms)
Platform modules already initialized, skipping
Refreshing native plugins compatible for Editor in 3.45 ms, found 4 plugins.
Preloading 0 native plugins for Editor in 0.00 ms.
Unloading 5231 Unused Serialized files (Serialized files now loaded: 0)
Unloading 29 unused Assets / (310.9 KB). Loaded Objects now: 5865.
Memory consumption went from 211.8 MB to 211.5 MB.
Total: 8.873600 ms (FindLiveObjects: 0.726600 ms CreateObjectMapping: 0.743400 ms MarkObjects: 7.106300 ms  DeleteObjects: 0.296000 ms)

AssetImportParameters requested are different than current active one (requested -> active):
  custom:video-decoder-ogg-theora: a1e56fd34408186e4bbccfd4996cb3dc -> 
  custom:container-muxer-webm: aa71ff27fc2769a1b78a27578f13a17b -> 
  custom:container-demuxer-webm: 4f35f7cbe854078d1ac9338744f61a02 -> 
  custom:video-encoder-webm-vp8: eb34c28f22e8b96e1ab97ce403110664 -> 
  custom:video-codec-MediaFoundation-h265: 746d11721c4dcdbdad8f713fa42b33f4 -> 
  custom:audio-encoder-webm-vorbis: bf7c407c2cedff20999df2af8eb42d56 -> 
  custom:framework-win-MediaFoundation: 216162199b28c13a410421893ffa2e32 -> 
  custom:container-demuxer-ogg: 62fdf1f143b41e24485cea50d1cbac27 -> 
  custom:video-decoder-webm-vp8: 9c59270c3fd7afecdb556c50c9e8de78 -> 
  custom:audio-decoder-ogg-vorbis: bf7c407c2cedff20999df2af8eb42d56 -> 
========================================================================
Received Import Request.
  Time since last request: 39.836519 seconds.
  path: Assets/_Scripts/CharacterMovement.cs
  artifactKey: Guid(c9a17272e333c764998d8308076efe33) Importer(815301076,1909f56bfc062723c751e8b465ee728b)
Start importing Assets/_Scripts/CharacterMovement.cs using Guid(c9a17272e333c764998d8308076efe33) Importer(815301076,1909f56bfc062723c751e8b465ee728b)  -> (artifact id: '37167b6f5c9ed6b766d95dd2a525d519') in 0.029638 seconds 
========================================================================
Received Prepare
Registering precompiled user dll's ...
Registered in 0.018106 seconds.
Begin MonoManager ReloadAssembly
Symbol file LoadedFromMemory doesn't match image C:\Users\pazer\Documents\GitHub\Civ_Game\Library\PackageCache\com.unity.visualscripting@1.7.5\Editor\VisualScripting.Core\Dependencies\YamlDotNet\Unity.VisualScripting.YamlDotNet.dll
Symbol file LoadedFromMemory doesn't match image C:\Users\pazer\Documents\GitHub\Civ_Game\Library\PackageCache\com.unity.visualscripting@1.7.5\Editor\VisualScripting.Core\Dependencies\DotNetZip\Unity.VisualScripting.IonicZip.dll
Native extension for WindowsStandalone target not found
Refreshing native plugins compatible for Editor in 1.25 ms, found 4 plugins.
Preloading 0 native plugins for Editor in 0.00 ms.
Mono: successfully reloaded assembly
- Completed reload, in  2.625 seconds
Domain Reload Profiling:
	ReloadAssembly (2626ms)
		BeginReloadAssembly (353ms)
			ExecutionOrderSort (0ms)
			DisableScriptedObjects (33ms)
			BackupInstance (0ms)
			ReleaseScriptingObjects (0ms)
			CreateAndSetChildDomain (114ms)
		EndReloadAssembly (2078ms)
			LoadAssemblies (205ms)
			RebuildTransferFunctionScriptingTraits (0ms)
			SetupTypeCache (539ms)
			ReleaseScriptCaches (4ms)
			RebuildScriptCaches (99ms)
			SetupLoadedEditorAssemblies (989ms)
				LogAssemblyErrors (0ms)
				InitializePlatformSupportModulesInManaged (23ms)
				SetLoadedEditorAssemblies (1ms)
				RefreshPlugins (1ms)
				BeforeProcessingInitializeOnLoad (169ms)
				ProcessInitializeOnLoadAttributes (642ms)
				ProcessInitializeOnLoadMethodAttributes (138ms)
				AfterProcessingInitializeOnLoad (13ms)
				EditorAssembliesLoaded (0ms)
			ExecutionOrderSort2 (0ms)
			AwakeInstancesAfterBackupRestoration (36ms)
Platform modules already initialized, skipping
Refreshing native plugins compatible for Editor in 1.26 ms, found 4 plugins.
Preloading 0 native plugins for Editor in 0.00 ms.
Unloading 5219 Unused Serialized files (Serialized files now loaded: 0)
Unloading 28 unused Assets / (309.9 KB). Loaded Objects now: 5867.
Memory consumption went from 210.8 MB to 210.5 MB.
Total: 5.719800 ms (FindLiveObjects: 0.545700 ms CreateObjectMapping: 0.543400 ms MarkObjects: 4.525300 ms  DeleteObjects: 0.104100 ms)

AssetImportParameters requested are different than current active one (requested -> active):
  custom:video-decoder-ogg-theora: a1e56fd34408186e4bbccfd4996cb3dc -> 
  custom:container-muxer-webm: aa71ff27fc2769a1b78a27578f13a17b -> 
  custom:container-demuxer-webm: 4f35f7cbe854078d1ac9338744f61a02 -> 
  custom:video-encoder-webm-vp8: eb34c28f22e8b96e1ab97ce403110664 -> 
  custom:video-codec-MediaFoundation-h265: 746d11721c4dcdbdad8f713fa42b33f4 -> 
  custom:audio-encoder-webm-vorbis: bf7c407c2cedff20999df2af8eb42d56 -> 
  custom:framework-win-MediaFoundation: 216162199b28c13a410421893ffa2e32 -> 
  custom:container-demuxer-ogg: 62fdf1f143b41e24485cea50d1cbac27 -> 
  custom:video-decoder-webm-vp8: 9c59270c3fd7afecdb556c50c9e8de78 -> 
  custom:audio-decoder-ogg-vorbis: bf7c407c2cedff20999df2af8eb42d56 -> 
========================================================================
Received Import Request.
  Time since last request: 1076.903204 seconds.
  path: Assets/_Scripts/CharacterMovement.cs
  artifactKey: Guid(c9a17272e333c764998d8308076efe33) Importer(815301076,1909f56bfc062723c751e8b465ee728b)
Start importing Assets/_Scripts/CharacterMovement.cs using Guid(c9a17272e333c764998d8308076efe33) Importer(815301076,1909f56bfc062723c751e8b465ee728b)  -> (artifact id: 'e398540cf2411e615fa85de75d8a101e') in 0.188561 seconds 
========================================================================
Received Import Request.
  Time since last request: 301.067713 seconds.
  path: Assets/_Scripts/CharacterMovement.cs
  artifactKey: Guid(c9a17272e333c764998d8308076efe33) Importer(815301076,1909f56bfc062723c751e8b465ee728b)
Start importing Assets/_Scripts/CharacterMovement.cs using Guid(c9a17272e333c764998d8308076efe33) Importer(815301076,1909f56bfc062723c751e8b465ee728b)  -> (artifact id: 'b45d1d0fb0b3a559fef593319d9a1914') in 0.008341 seconds 
========================================================================
Received Import Request.
  Time since last request: 47.297774 seconds.
  path: Assets/_Scripts/CharacterMovement1.cs
  artifactKey: Guid(2c3b0a3fb1761dc4a9ab638f04a8de0c) Importer(815301076,1909f56bfc062723c751e8b465ee728b)
Start importing Assets/_Scripts/CharacterMovement1.cs using Guid(2c3b0a3fb1761dc4a9ab638f04a8de0c) Importer(815301076,1909f56bfc062723c751e8b465ee728b)  -> (artifact id: '4b069790528757ae2124561eec93d7ec') in 0.028396 seconds 
========================================================================
Received Import Request.
  Time since last request: 7.555617 seconds.
  path: Assets/_Scripts/aaa.cs
  artifactKey: Guid(c9a17272e333c764998d8308076efe33) Importer(815301076,1909f56bfc062723c751e8b465ee728b)
Start importing Assets/_Scripts/aaa.cs using Guid(c9a17272e333c764998d8308076efe33) Importer(815301076,1909f56bfc062723c751e8b465ee728b)  -> (artifact id: '3cd1c658d25f20a83f8ac2d35269ebc9') in 0.017781 seconds 
========================================================================
Received Import Request.
  Time since last request: 19.608649 seconds.
  path: Assets/_Scripts/CharacterMovement.cs
  artifactKey: Guid(f618ca960d77b384687fd8b6a69c73ab) Importer(815301076,1909f56bfc062723c751e8b465ee728b)
Start importing Assets/_Scripts/CharacterMovement.cs using Guid(f618ca960d77b384687fd8b6a69c73ab) Importer(815301076,1909f56bfc062723c751e8b465ee728b)  -> (artifact id: '02de82152ba6f0b1e1fd6bc2a5eec3d3') in 0.015345 seconds 
========================================================================
Received Import Request.
  Time since last request: 65.087772 seconds.
  path: Assets/_Scripts/CharacterMovement.cs
  artifactKey: Guid(f618ca960d77b384687fd8b6a69c73ab) Importer(815301076,1909f56bfc062723c751e8b465ee728b)
Start importing Assets/_Scripts/CharacterMovement.cs using Guid(f618ca960d77b384687fd8b6a69c73ab) Importer(815301076,1909f56bfc062723c751e8b465ee728b)  -> (artifact id: '55931b30359e60767e0a98d8472f40fa') in 0.010478 seconds 
========================================================================
Received Import Request.
  Time since last request: 643.569773 seconds.
  path: Assets/_Scripts/CharacterMovement.cs
  artifactKey: Guid(f618ca960d77b384687fd8b6a69c73ab) Importer(815301076,1909f56bfc062723c751e8b465ee728b)
Start importing Assets/_Scripts/CharacterMovement.cs using Guid(f618ca960d77b384687fd8b6a69c73ab) Importer(815301076,1909f56bfc062723c751e8b465ee728b)  -> (artifact id: '6f0ed8148112bc1fb8fc14be028a8121') in 0.015463 seconds 
